{
  message: '---->Database connected<----',
  level: 'info',
  label: 'gns_log',
  timestamp: '2023-06-04T14:30:14.644Z'
}
{
  message: '---->Server is listening on port 5000<----',
  level: 'info',
  label: 'gns_log',
  timestamp: '2023-06-04T14:30:14.659Z'
}
{
  message: '---->Database connected<----',
  level: 'info',
  label: 'gns_log',
  timestamp: '2023-06-04T14:43:15.773Z'
}
{
  message: '---->Server is listening on port 5000<----',
  level: 'info',
  label: 'gns_log',
  timestamp: '2023-06-04T14:43:15.789Z'
}
{
  message: '---->Database connected<----',
  level: 'info',
  label: 'gns_log',
  timestamp: '2023-06-04T14:51:14.119Z'
}
{
  message: '---->Server is listening on port 5000<----',
  level: 'info',
  label: 'gns_log',
  timestamp: '2023-06-04T14:51:14.131Z'
}
{
  message: '---->Database connected<----',
  level: 'info',
  label: 'gns_log',
  timestamp: '2023-06-04T14:51:19.000Z'
}
{
  message: '---->Server is listening on port 5000<----',
  level: 'info',
  label: 'gns_log',
  timestamp: '2023-06-04T14:51:19.005Z'
}
{
  message: '---->Database connected<----',
  level: 'info',
  label: 'gns_log',
  timestamp: '2023-06-04T14:52:13.741Z'
}
{
  message: '---->Server is listening on port 5000<----',
  level: 'info',
  label: 'gns_log',
  timestamp: '2023-06-04T14:52:13.745Z'
}
{
  message: '---->Database connected<----',
  level: 'info',
  label: 'gns_log',
  timestamp: '2023-06-04T14:52:16.701Z'
}
{
  message: '---->Server is listening on port 5000<----',
  level: 'info',
  label: 'gns_log',
  timestamp: '2023-06-04T14:52:16.705Z'
}
{
  message: '---->Database connected<----',
  level: 'info',
  label: 'gns_log',
  timestamp: '2023-06-04T14:52:30.567Z'
}
{
  message: '---->Server is listening on port 5000<----',
  level: 'info',
  label: 'gns_log',
  timestamp: '2023-06-04T14:52:30.570Z'
}
{
  message: '---->Database connected<----',
  level: 'info',
  label: 'gns_log',
  timestamp: '2023-06-04T14:53:27.212Z'
}
{
  message: '---->Server is listening on port 5000<----',
  level: 'info',
  label: 'gns_log',
  timestamp: '2023-06-04T14:53:27.215Z'
}
