{
  message: '---->Database connected<----',
  level: 'info',
  label: 'gns_log',
  timestamp: '2023-06-07T19:28:48.538Z'
}
{
  message: '---->Server is listening on port 5000<----',
  level: 'info',
  label: 'gns_log',
  timestamp: '2023-06-07T19:28:48.542Z'
}
{
  message: '---->Database connected<----',
  level: 'info',
  label: 'gns_log',
  timestamp: '2023-06-07T19:28:51.376Z'
}
{
  message: '---->Server is listening on port 5000<----',
  level: 'info',
  label: 'gns_log',
  timestamp: '2023-06-07T19:28:51.379Z'
}
{
  message: '---->Database connected<----',
  level: 'info',
  label: 'gns_log',
  timestamp: '2023-06-07T19:28:54.923Z'
}
{
  message: '---->Server is listening on port 5000<----',
  level: 'info',
  label: 'gns_log',
  timestamp: '2023-06-07T19:28:54.926Z'
}
{
  message: '---->Database connected<----',
  level: 'info',
  label: 'gns_log',
  timestamp: '2023-06-07T19:29:16.923Z'
}
{
  message: '---->Server is listening on port 5000<----',
  level: 'info',
  label: 'gns_log',
  timestamp: '2023-06-07T19:29:16.926Z'
}
{
  message: '---->Database connected<----',
  level: 'info',
  label: 'gns_log',
  timestamp: '2023-06-07T19:29:53.307Z'
}
{
  message: '---->Server is listening on port 5000<----',
  level: 'info',
  label: 'gns_log',
  timestamp: '2023-06-07T19:29:53.310Z'
}
{
  message: '---->Database connected<----',
  level: 'info',
  label: 'gns_log',
  timestamp: '2023-06-07T19:29:59.126Z'
}
{
  message: '---->Server is listening on port 5000<----',
  level: 'info',
  label: 'gns_log',
  timestamp: '2023-06-07T19:29:59.130Z'
}
{
  message: '---->Database connected<----',
  level: 'info',
  label: 'gns_log',
  timestamp: '2023-06-07T19:31:09.964Z'
}
{
  message: '---->Server is listening on port 5000<----',
  level: 'info',
  label: 'gns_log',
  timestamp: '2023-06-07T19:31:09.968Z'
}
{
  message: '---->Database connected<----',
  level: 'info',
  label: 'gns_log',
  timestamp: '2023-06-07T19:31:22.784Z'
}
{
  message: '---->Server is listening on port 5000<----',
  level: 'info',
  label: 'gns_log',
  timestamp: '2023-06-07T19:31:22.789Z'
}
{
  message: '---->Database connected<----',
  level: 'info',
  label: 'gns_log',
  timestamp: '2023-06-07T19:31:30.178Z'
}
{
  message: '---->Server is listening on port 5000<----',
  level: 'info',
  label: 'gns_log',
  timestamp: '2023-06-07T19:31:30.182Z'
}
{
  message: '---->Database connected<----',
  level: 'info',
  label: 'gns_log',
  timestamp: '2023-06-07T19:31:34.523Z'
}
{
  message: '---->Server is listening on port 5000<----',
  level: 'info',
  label: 'gns_log',
  timestamp: '2023-06-07T19:31:34.528Z'
}
{
  message: '---->Database connected<----',
  level: 'info',
  label: 'gns_log',
  timestamp: '2023-06-07T19:31:36.074Z'
}
{
  message: '---->Server is listening on port 5000<----',
  level: 'info',
  label: 'gns_log',
  timestamp: '2023-06-07T19:31:36.077Z'
}
{
  message: '---->Database connected<----',
  level: 'info',
  label: 'gns_log',
  timestamp: '2023-06-07T19:31:50.802Z'
}
{
  message: '---->Server is listening on port 5000<----',
  level: 'info',
  label: 'gns_log',
  timestamp: '2023-06-07T19:31:50.805Z'
}
{
  message: '---->Database connected<----',
  level: 'info',
  label: 'gns_log',
  timestamp: '2023-06-07T19:31:57.693Z'
}
{
  message: '---->Server is listening on port 5000<----',
  level: 'info',
  label: 'gns_log',
  timestamp: '2023-06-07T19:31:57.696Z'
}
{
  message: '---->Database connected<----',
  level: 'info',
  label: 'gns_log',
  timestamp: '2023-06-07T19:31:59.209Z'
}
{
  message: '---->Server is listening on port 5000<----',
  level: 'info',
  label: 'gns_log',
  timestamp: '2023-06-07T19:31:59.213Z'
}
{
  message: '---->Database connected<----',
  level: 'info',
  label: 'gns_log',
  timestamp: '2023-06-07T19:32:01.402Z'
}
{
  message: '---->Server is listening on port 5000<----',
  level: 'info',
  label: 'gns_log',
  timestamp: '2023-06-07T19:32:01.406Z'
}
{
  message: '---->Database connected<----',
  level: 'info',
  label: 'gns_log',
  timestamp: '2023-06-07T19:32:14.385Z'
}
{
  message: '---->Server is listening on port 5000<----',
  level: 'info',
  label: 'gns_log',
  timestamp: '2023-06-07T19:32:14.389Z'
}
{
  message: '---->Database connected<----',
  level: 'info',
  label: 'gns_log',
  timestamp: '2023-06-07T19:32:17.975Z'
}
{
  message: '---->Server is listening on port 5000<----',
  level: 'info',
  label: 'gns_log',
  timestamp: '2023-06-07T19:32:17.979Z'
}
{
  message: '---->Database connected<----',
  level: 'info',
  label: 'gns_log',
  timestamp: '2023-06-07T19:32:47.031Z'
}
{
  message: '---->Server is listening on port 5000<----',
  level: 'info',
  label: 'gns_log',
  timestamp: '2023-06-07T19:32:47.035Z'
}
{
  message: '---->Database connected<----',
  level: 'info',
  label: 'gns_log',
  timestamp: '2023-06-07T19:32:52.216Z'
}
{
  message: '---->Server is listening on port 5000<----',
  level: 'info',
  label: 'gns_log',
  timestamp: '2023-06-07T19:32:52.221Z'
}
{
  message: '---->Database connected<----',
  level: 'info',
  label: 'gns_log',
  timestamp: '2023-06-07T19:33:05.713Z'
}
{
  message: '---->Server is listening on port 5000<----',
  level: 'info',
  label: 'gns_log',
  timestamp: '2023-06-07T19:33:05.717Z'
}
{
  message: '---->Database connected<----',
  level: 'info',
  label: 'gns_log',
  timestamp: '2023-06-07T19:37:27.491Z'
}
{
  message: '---->Server is listening on port 5000<----',
  level: 'info',
  label: 'gns_log',
  timestamp: '2023-06-07T19:37:27.494Z'
}
