{
  message: '---->Database connected<----',
  level: 'info',
  label: 'gns_log',
  timestamp: '2023-06-07T18:02:12.900Z'
}
{
  message: '---->Server is listening on port 5000<----',
  level: 'info',
  label: 'gns_log',
  timestamp: '2023-06-07T18:02:12.904Z'
}
{
  message: '---->Database connected<----',
  level: 'info',
  label: 'gns_log',
  timestamp: '2023-06-07T18:03:05.513Z'
}
{
  message: '---->Server is listening on port 5000<----',
  level: 'info',
  label: 'gns_log',
  timestamp: '2023-06-07T18:03:05.517Z'
}
{
  message: '---->Database connected<----',
  level: 'info',
  label: 'gns_log',
  timestamp: '2023-06-07T18:03:19.943Z'
}
{
  message: '---->Server is listening on port 5000<----',
  level: 'info',
  label: 'gns_log',
  timestamp: '2023-06-07T18:03:19.947Z'
}
{
  message: '---->Database connected<----',
  level: 'info',
  label: 'gns_log',
  timestamp: '2023-06-07T18:03:45.242Z'
}
{
  message: '---->Server is listening on port 5000<----',
  level: 'info',
  label: 'gns_log',
  timestamp: '2023-06-07T18:03:45.245Z'
}
{
  message: '---->Database connected<----',
  level: 'info',
  label: 'gns_log',
  timestamp: '2023-06-07T18:03:54.426Z'
}
{
  message: '---->Server is listening on port 5000<----',
  level: 'info',
  label: 'gns_log',
  timestamp: '2023-06-07T18:03:54.430Z'
}
{
  message: '---->Database connected<----',
  level: 'info',
  label: 'gns_log',
  timestamp: '2023-06-07T18:03:56.107Z'
}
{
  message: '---->Server is listening on port 5000<----',
  level: 'info',
  label: 'gns_log',
  timestamp: '2023-06-07T18:03:56.110Z'
}
{
  message: '---->Database connected<----',
  level: 'info',
  label: 'gns_log',
  timestamp: '2023-06-07T18:03:58.847Z'
}
{
  message: '---->Server is listening on port 5000<----',
  level: 'info',
  label: 'gns_log',
  timestamp: '2023-06-07T18:03:58.850Z'
}
{
  message: '---->Database connected<----',
  level: 'info',
  label: 'gns_log',
  timestamp: '2023-06-07T18:04:02.542Z'
}
{
  message: '---->Server is listening on port 5000<----',
  level: 'info',
  label: 'gns_log',
  timestamp: '2023-06-07T18:04:02.545Z'
}
{
  message: '---->Database connected<----',
  level: 'info',
  label: 'gns_log',
  timestamp: '2023-06-07T18:04:09.693Z'
}
{
  message: '---->Server is listening on port 5000<----',
  level: 'info',
  label: 'gns_log',
  timestamp: '2023-06-07T18:04:09.696Z'
}
{
  message: '---->Database connected<----',
  level: 'info',
  label: 'gns_log',
  timestamp: '2023-06-07T18:05:08.001Z'
}
{
  message: '---->Server is listening on port 5000<----',
  level: 'info',
  label: 'gns_log',
  timestamp: '2023-06-07T18:05:08.006Z'
}
{
  message: '---->Database connected<----',
  level: 'info',
  label: 'gns_log',
  timestamp: '2023-06-07T18:39:08.472Z'
}
{
  message: '---->Server is listening on port 5000<----',
  level: 'info',
  label: 'gns_log',
  timestamp: '2023-06-07T18:39:08.475Z'
}
{
  message: '---->Database connected<----',
  level: 'info',
  label: 'gns_log',
  timestamp: '2023-06-07T18:39:13.271Z'
}
{
  message: '---->Server is listening on port 5000<----',
  level: 'info',
  label: 'gns_log',
  timestamp: '2023-06-07T18:39:13.274Z'
}
{
  message: '---->Database connected<----',
  level: 'info',
  label: 'gns_log',
  timestamp: '2023-06-07T18:39:17.766Z'
}
{
  message: '---->Server is listening on port 5000<----',
  level: 'info',
  label: 'gns_log',
  timestamp: '2023-06-07T18:39:17.770Z'
}
{
  message: '---->Database connected<----',
  level: 'info',
  label: 'gns_log',
  timestamp: '2023-06-07T18:39:20.896Z'
}
{
  message: '---->Server is listening on port 5000<----',
  level: 'info',
  label: 'gns_log',
  timestamp: '2023-06-07T18:39:20.900Z'
}
{
  message: '---->Database connected<----',
  level: 'info',
  label: 'gns_log',
  timestamp: '2023-06-07T18:39:34.168Z'
}
{
  message: '---->Server is listening on port 5000<----',
  level: 'info',
  label: 'gns_log',
  timestamp: '2023-06-07T18:39:34.171Z'
}
{
  message: '---->Database connected<----',
  level: 'info',
  label: 'gns_log',
  timestamp: '2023-06-07T18:40:04.065Z'
}
{
  message: '---->Server is listening on port 5000<----',
  level: 'info',
  label: 'gns_log',
  timestamp: '2023-06-07T18:40:04.069Z'
}
{
  message: '---->Database connected<----',
  level: 'info',
  label: 'gns_log',
  timestamp: '2023-06-07T18:40:11.280Z'
}
{
  message: '---->Server is listening on port 5000<----',
  level: 'info',
  label: 'gns_log',
  timestamp: '2023-06-07T18:40:11.283Z'
}
{
  message: '---->Database connected<----',
  level: 'info',
  label: 'gns_log',
  timestamp: '2023-06-07T18:40:16.095Z'
}
{
  message: '---->Server is listening on port 5000<----',
  level: 'info',
  label: 'gns_log',
  timestamp: '2023-06-07T18:40:16.098Z'
}
{
  message: '---->Database connected<----',
  level: 'info',
  label: 'gns_log',
  timestamp: '2023-06-07T18:40:20.980Z'
}
{
  message: '---->Server is listening on port 5000<----',
  level: 'info',
  label: 'gns_log',
  timestamp: '2023-06-07T18:40:20.984Z'
}
{
  message: '---->Database connected<----',
  level: 'info',
  label: 'gns_log',
  timestamp: '2023-06-07T18:40:26.063Z'
}
{
  message: '---->Server is listening on port 5000<----',
  level: 'info',
  label: 'gns_log',
  timestamp: '2023-06-07T18:40:26.067Z'
}
{
  message: '---->Database connected<----',
  level: 'info',
  label: 'gns_log',
  timestamp: '2023-06-07T18:40:28.182Z'
}
{
  message: '---->Server is listening on port 5000<----',
  level: 'info',
  label: 'gns_log',
  timestamp: '2023-06-07T18:40:28.186Z'
}
{
  message: '---->Database connected<----',
  level: 'info',
  label: 'gns_log',
  timestamp: '2023-06-07T18:40:29.851Z'
}
{
  message: '---->Server is listening on port 5000<----',
  level: 'info',
  label: 'gns_log',
  timestamp: '2023-06-07T18:40:29.855Z'
}
{
  message: '---->Database connected<----',
  level: 'info',
  label: 'gns_log',
  timestamp: '2023-06-07T18:40:31.295Z'
}
{
  message: '---->Server is listening on port 5000<----',
  level: 'info',
  label: 'gns_log',
  timestamp: '2023-06-07T18:40:31.299Z'
}
{
  message: '---->Database connected<----',
  level: 'info',
  label: 'gns_log',
  timestamp: '2023-06-07T18:40:37.402Z'
}
{
  message: '---->Server is listening on port 5000<----',
  level: 'info',
  label: 'gns_log',
  timestamp: '2023-06-07T18:40:37.405Z'
}
{
  message: '---->Database connected<----',
  level: 'info',
  label: 'gns_log',
  timestamp: '2023-06-07T18:40:40.151Z'
}
{
  message: '---->Server is listening on port 5000<----',
  level: 'info',
  label: 'gns_log',
  timestamp: '2023-06-07T18:40:40.154Z'
}
{
  message: '---->Database connected<----',
  level: 'info',
  label: 'gns_log',
  timestamp: '2023-06-07T18:40:43.113Z'
}
{
  message: '---->Server is listening on port 5000<----',
  level: 'info',
  label: 'gns_log',
  timestamp: '2023-06-07T18:40:43.117Z'
}
{
  message: '---->Database connected<----',
  level: 'info',
  label: 'gns_log',
  timestamp: '2023-06-07T18:40:46.017Z'
}
{
  message: '---->Server is listening on port 5000<----',
  level: 'info',
  label: 'gns_log',
  timestamp: '2023-06-07T18:40:46.022Z'
}
{
  message: '---->Database connected<----',
  level: 'info',
  label: 'gns_log',
  timestamp: '2023-06-07T18:42:02.124Z'
}
{
  message: '---->Server is listening on port 5000<----',
  level: 'info',
  label: 'gns_log',
  timestamp: '2023-06-07T18:42:02.127Z'
}
{
  message: '---->Database connected<----',
  level: 'info',
  label: 'gns_log',
  timestamp: '2023-06-07T18:42:05.369Z'
}
{
  message: '---->Server is listening on port 5000<----',
  level: 'info',
  label: 'gns_log',
  timestamp: '2023-06-07T18:42:05.373Z'
}
{
  message: '---->Database connected<----',
  level: 'info',
  label: 'gns_log',
  timestamp: '2023-06-07T18:42:11.203Z'
}
{
  message: '---->Server is listening on port 5000<----',
  level: 'info',
  label: 'gns_log',
  timestamp: '2023-06-07T18:42:11.206Z'
}
{
  message: '---->Database connected<----',
  level: 'info',
  label: 'gns_log',
  timestamp: '2023-06-07T18:42:32.437Z'
}
{
  message: '---->Server is listening on port 5000<----',
  level: 'info',
  label: 'gns_log',
  timestamp: '2023-06-07T18:42:32.441Z'
}
{
  message: '---->Database connected<----',
  level: 'info',
  label: 'gns_log',
  timestamp: '2023-06-07T18:42:36.183Z'
}
{
  message: '---->Server is listening on port 5000<----',
  level: 'info',
  label: 'gns_log',
  timestamp: '2023-06-07T18:42:36.187Z'
}
{
  message: '---->Database connected<----',
  level: 'info',
  label: 'gns_log',
  timestamp: '2023-06-07T18:42:38.731Z'
}
{
  message: '---->Server is listening on port 5000<----',
  level: 'info',
  label: 'gns_log',
  timestamp: '2023-06-07T18:42:38.734Z'
}
{
  message: '---->Database connected<----',
  level: 'info',
  label: 'gns_log',
  timestamp: '2023-06-07T18:42:42.242Z'
}
{
  message: '---->Server is listening on port 5000<----',
  level: 'info',
  label: 'gns_log',
  timestamp: '2023-06-07T18:42:42.246Z'
}
{
  message: '---->Database connected<----',
  level: 'info',
  label: 'gns_log',
  timestamp: '2023-06-07T18:42:47.183Z'
}
{
  message: '---->Server is listening on port 5000<----',
  level: 'info',
  label: 'gns_log',
  timestamp: '2023-06-07T18:42:47.187Z'
}
{
  message: '---->Database connected<----',
  level: 'info',
  label: 'gns_log',
  timestamp: '2023-06-07T18:43:01.392Z'
}
{
  message: '---->Server is listening on port 5000<----',
  level: 'info',
  label: 'gns_log',
  timestamp: '2023-06-07T18:43:01.396Z'
}
{
  message: '---->Database connected<----',
  level: 'info',
  label: 'gns_log',
  timestamp: '2023-06-07T18:43:06.514Z'
}
{
  message: '---->Server is listening on port 5000<----',
  level: 'info',
  label: 'gns_log',
  timestamp: '2023-06-07T18:43:06.518Z'
}
{
  message: '---->Database connected<----',
  level: 'info',
  label: 'gns_log',
  timestamp: '2023-06-07T18:43:21.924Z'
}
{
  message: '---->Server is listening on port 5000<----',
  level: 'info',
  label: 'gns_log',
  timestamp: '2023-06-07T18:43:21.927Z'
}
{
  message: '---->Database connected<----',
  level: 'info',
  label: 'gns_log',
  timestamp: '2023-06-07T18:43:24.173Z'
}
{
  message: '---->Server is listening on port 5000<----',
  level: 'info',
  label: 'gns_log',
  timestamp: '2023-06-07T18:43:24.177Z'
}
{
  message: '---->Database connected<----',
  level: 'info',
  label: 'gns_log',
  timestamp: '2023-06-07T18:43:39.626Z'
}
{
  message: '---->Server is listening on port 5000<----',
  level: 'info',
  label: 'gns_log',
  timestamp: '2023-06-07T18:43:39.629Z'
}
{
  message: '---->Database connected<----',
  level: 'info',
  label: 'gns_log',
  timestamp: '2023-06-07T18:43:41.592Z'
}
{
  message: '---->Server is listening on port 5000<----',
  level: 'info',
  label: 'gns_log',
  timestamp: '2023-06-07T18:43:41.596Z'
}
{
  message: '---->Database connected<----',
  level: 'info',
  label: 'gns_log',
  timestamp: '2023-06-07T18:43:43.727Z'
}
{
  message: '---->Server is listening on port 5000<----',
  level: 'info',
  label: 'gns_log',
  timestamp: '2023-06-07T18:43:43.730Z'
}
{
  message: '---->Database connected<----',
  level: 'info',
  label: 'gns_log',
  timestamp: '2023-06-07T18:43:56.990Z'
}
{
  message: '---->Server is listening on port 5000<----',
  level: 'info',
  label: 'gns_log',
  timestamp: '2023-06-07T18:43:56.993Z'
}
{
  message: '---->Database connected<----',
  level: 'info',
  label: 'gns_log',
  timestamp: '2023-06-07T18:44:00.341Z'
}
{
  message: '---->Server is listening on port 5000<----',
  level: 'info',
  label: 'gns_log',
  timestamp: '2023-06-07T18:44:00.345Z'
}
{
  message: '---->Database connected<----',
  level: 'info',
  label: 'gns_log',
  timestamp: '2023-06-07T18:44:01.800Z'
}
{
  message: '---->Server is listening on port 5000<----',
  level: 'info',
  label: 'gns_log',
  timestamp: '2023-06-07T18:44:01.803Z'
}
{
  message: '---->Database connected<----',
  level: 'info',
  label: 'gns_log',
  timestamp: '2023-06-07T18:44:21.505Z'
}
{
  message: '---->Server is listening on port 5000<----',
  level: 'info',
  label: 'gns_log',
  timestamp: '2023-06-07T18:44:21.509Z'
}
{
  message: '---->Database connected<----',
  level: 'info',
  label: 'gns_log',
  timestamp: '2023-06-07T18:44:57.739Z'
}
{
  message: '---->Server is listening on port 5000<----',
  level: 'info',
  label: 'gns_log',
  timestamp: '2023-06-07T18:44:57.743Z'
}
{
  message: '---->Database connected<----',
  level: 'info',
  label: 'gns_log',
  timestamp: '2023-06-07T18:45:09.633Z'
}
{
  message: '---->Server is listening on port 5000<----',
  level: 'info',
  label: 'gns_log',
  timestamp: '2023-06-07T18:45:09.636Z'
}
{
  message: '---->Database connected<----',
  level: 'info',
  label: 'gns_log',
  timestamp: '2023-06-07T18:45:10.937Z'
}
{
  message: '---->Server is listening on port 5000<----',
  level: 'info',
  label: 'gns_log',
  timestamp: '2023-06-07T18:45:10.941Z'
}
{
  message: '---->Database connected<----',
  level: 'info',
  label: 'gns_log',
  timestamp: '2023-06-07T18:45:13.096Z'
}
{
  message: '---->Server is listening on port 5000<----',
  level: 'info',
  label: 'gns_log',
  timestamp: '2023-06-07T18:45:13.099Z'
}
{
  message: '---->Database connected<----',
  level: 'info',
  label: 'gns_log',
  timestamp: '2023-06-07T18:45:47.956Z'
}
{
  message: '---->Server is listening on port 5000<----',
  level: 'info',
  label: 'gns_log',
  timestamp: '2023-06-07T18:45:47.960Z'
}
{
  message: '---->Database connected<----',
  level: 'info',
  label: 'gns_log',
  timestamp: '2023-06-07T18:45:49.258Z'
}
{
  message: '---->Server is listening on port 5000<----',
  level: 'info',
  label: 'gns_log',
  timestamp: '2023-06-07T18:45:49.261Z'
}
{
  message: '---->Database connected<----',
  level: 'info',
  label: 'gns_log',
  timestamp: '2023-06-07T18:45:50.599Z'
}
{
  message: '---->Server is listening on port 5000<----',
  level: 'info',
  label: 'gns_log',
  timestamp: '2023-06-07T18:45:50.602Z'
}
{
  message: '---->Database connected<----',
  level: 'info',
  label: 'gns_log',
  timestamp: '2023-06-07T18:46:01.373Z'
}
{
  message: '---->Server is listening on port 5000<----',
  level: 'info',
  label: 'gns_log',
  timestamp: '2023-06-07T18:46:01.377Z'
}
{
  message: '---->Database connected<----',
  level: 'info',
  label: 'gns_log',
  timestamp: '2023-06-07T18:46:03.508Z'
}
{
  message: '---->Server is listening on port 5000<----',
  level: 'info',
  label: 'gns_log',
  timestamp: '2023-06-07T18:46:03.512Z'
}
{
  message: '---->Database connected<----',
  level: 'info',
  label: 'gns_log',
  timestamp: '2023-06-07T18:46:04.854Z'
}
{
  message: '---->Server is listening on port 5000<----',
  level: 'info',
  label: 'gns_log',
  timestamp: '2023-06-07T18:46:04.858Z'
}
{
  message: '---->Database connected<----',
  level: 'info',
  label: 'gns_log',
  timestamp: '2023-06-07T18:46:06.846Z'
}
{
  message: '---->Server is listening on port 5000<----',
  level: 'info',
  label: 'gns_log',
  timestamp: '2023-06-07T18:46:06.849Z'
}
{
  message: '---->Database connected<----',
  level: 'info',
  label: 'gns_log',
  timestamp: '2023-06-07T18:46:10.098Z'
}
{
  message: '---->Server is listening on port 5000<----',
  level: 'info',
  label: 'gns_log',
  timestamp: '2023-06-07T18:46:10.101Z'
}
{
  message: '---->Database connected<----',
  level: 'info',
  label: 'gns_log',
  timestamp: '2023-06-07T18:46:15.143Z'
}
{
  message: '---->Server is listening on port 5000<----',
  level: 'info',
  label: 'gns_log',
  timestamp: '2023-06-07T18:46:15.147Z'
}
{
  message: '---->Database connected<----',
  level: 'info',
  label: 'gns_log',
  timestamp: '2023-06-07T18:46:19.322Z'
}
{
  message: '---->Server is listening on port 5000<----',
  level: 'info',
  label: 'gns_log',
  timestamp: '2023-06-07T18:46:19.326Z'
}
{
  message: '---->Database connected<----',
  level: 'info',
  label: 'gns_log',
  timestamp: '2023-06-07T18:46:22.591Z'
}
{
  message: '---->Server is listening on port 5000<----',
  level: 'info',
  label: 'gns_log',
  timestamp: '2023-06-07T18:46:22.595Z'
}
{
  message: '---->Database connected<----',
  level: 'info',
  label: 'gns_log',
  timestamp: '2023-06-07T18:46:26.232Z'
}
{
  message: '---->Server is listening on port 5000<----',
  level: 'info',
  label: 'gns_log',
  timestamp: '2023-06-07T18:46:26.235Z'
}
{
  message: '---->Database connected<----',
  level: 'info',
  label: 'gns_log',
  timestamp: '2023-06-07T18:46:27.706Z'
}
{
  message: '---->Server is listening on port 5000<----',
  level: 'info',
  label: 'gns_log',
  timestamp: '2023-06-07T18:46:27.709Z'
}
{
  message: '---->Database connected<----',
  level: 'info',
  label: 'gns_log',
  timestamp: '2023-06-07T18:47:03.605Z'
}
{
  message: '---->Server is listening on port 5000<----',
  level: 'info',
  label: 'gns_log',
  timestamp: '2023-06-07T18:47:03.610Z'
}
{
  message: '---->Database connected<----',
  level: 'info',
  label: 'gns_log',
  timestamp: '2023-06-07T18:47:07.783Z'
}
{
  message: '---->Server is listening on port 5000<----',
  level: 'info',
  label: 'gns_log',
  timestamp: '2023-06-07T18:47:07.786Z'
}
{
  message: '---->Database connected<----',
  level: 'info',
  label: 'gns_log',
  timestamp: '2023-06-07T18:47:11.269Z'
}
{
  message: '---->Server is listening on port 5000<----',
  level: 'info',
  label: 'gns_log',
  timestamp: '2023-06-07T18:47:11.273Z'
}
