{
  message: '---->Database connected<----',
  level: 'info',
  label: 'gns_log',
  timestamp: '2023-06-04T15:17:00.271Z'
}
{
  message: '---->Server is listening on port 5000<----',
  level: 'info',
  label: 'gns_log',
  timestamp: '2023-06-04T15:17:00.276Z'
}
{
  message: '---->Database connected<----',
  level: 'info',
  label: 'gns_log',
  timestamp: '2023-06-04T15:17:04.376Z'
}
{
  message: '---->Server is listening on port 5000<----',
  level: 'info',
  label: 'gns_log',
  timestamp: '2023-06-04T15:17:04.379Z'
}
