{
  issues: [
    {
      code: 'invalid_type',
      expected: 'string',
      received: 'undefined',
      path: [ 'body', 'role' ],
      message: 'role is required'
    }
  ],
  addIssue: [Function (anonymous)],
  addIssues: [Function (anonymous)],
  name: 'ZodError',
  level: 'error',
  message: 'globalErrorHandler [\n' +
    '  {\n' +
    '    "code": "invalid_type",\n' +
    '    "expected": "string",\n' +
    '    "received": "undefined",\n' +
    '    "path": [\n' +
    '      "body",\n' +
    '      "role"\n' +
    '    ],\n' +
    '    "message": "role is required"\n' +
    '  }\n' +
    ']',
  stack: 'ZodError: [\n' +
    '  {\n' +
    '    "code": "invalid_type",\n' +
    '    "expected": "string",\n' +
    '    "received": "undefined",\n' +
    '    "path": [\n' +
    '      "body",\n' +
    '      "role"\n' +
    '    ],\n' +
    '    "message": "role is required"\n' +
    '  }\n' +
    ']\n' +
    '    at Object.get error [as error] (/home/shadow/Dev/gn-studentportal/auth-service/node_modules/zod/lib/types.js:43:31)\n' +
    '    at ZodObject.parseAsync (/home/shadow/Dev/gn-studentportal/auth-service/node_modules/zod/lib/types.js:164:22)\n' +
    '    at processTicksAndRejections (node:internal/process/task_queues:95:5)',
  label: 'gns_log',
  timestamp: '2023-06-08T17:39:03.025Z'
}
{
  errors: {
    role: ValidatorError: Path `role` is required.
        at validate (/home/shadow/Dev/gn-studentportal/auth-service/node_modules/mongoose/lib/schematype.js:1349:13)
        at SchemaString.SchemaType.doValidate (/home/shadow/Dev/gn-studentportal/auth-service/node_modules/mongoose/lib/schematype.js:1333:7)
        at /home/shadow/Dev/gn-studentportal/auth-service/node_modules/mongoose/lib/document.js:2932:18
        at processTicksAndRejections (node:internal/process/task_queues:77:11) {
      properties: {
        validator: [Function (anonymous)],
        message: 'Path `role` is required.',
        type: 'required',
        path: 'role',
        value: undefined
      },
      kind: 'required',
      path: 'role',
      value: undefined,
      reason: undefined,
      [Symbol(mongoose:validatorError)]: true
    }
  },
  _message: 'User validation failed',
  level: 'error',
  message: 'globalErrorHandler User validation failed: role: Path `role` is required.',
  stack: 'ValidationError: User validation failed: role: Path `role` is required.\n' +
    '    at model.Document.invalidate (/home/shadow/Dev/gn-studentportal/auth-service/node_modules/mongoose/lib/document.js:3147:32)\n' +
    '    at /home/shadow/Dev/gn-studentportal/auth-service/node_modules/mongoose/lib/document.js:2940:17\n' +
    '    at /home/shadow/Dev/gn-studentportal/auth-service/node_modules/mongoose/lib/schematype.js:1352:9\n' +
    '    at processTicksAndRejections (node:internal/process/task_queues:77:11)',
  label: 'gns_log',
  timestamp: '2023-06-08T17:40:22.731Z'
}
{
  code: 'EADDRINUSE',
  errno: -98,
  syscall: 'listen',
  address: '::',
  port: 5000,
  level: 'error',
  label: 'gns_log',
  timestamp: '2023-06-08T17:40:39.214Z'
}
{
  code: 'EADDRINUSE',
  errno: -98,
  syscall: 'listen',
  address: '::',
  port: 5000,
  level: 'error',
  label: 'gns_log',
  timestamp: '2023-06-08T17:40:46.249Z'
}
{
  code: 'EADDRINUSE',
  errno: -98,
  syscall: 'listen',
  address: '::',
  port: 5000,
  level: 'error',
  label: 'gns_log',
  timestamp: '2023-06-08T17:40:51.256Z'
}
